<?xml version="1.0" encoding="UTF-8"?>
<testsuite name="As a user I want to be able to increase the counter value" tests="3" skipped="0" failures="0" errors="0" timestamp="2019-11-12T17:36:57" hostname="Kalles-MBP" time="0.013">
  <properties/>
  <testcase name="Increment once" classname="As a user I want to be able to increase the counter value" time="0.006"/>
  <testcase name="Increment by many" classname="As a user I want to be able to increase the counter value" time="0.002"/>
  <testcase name="Increment many times" classname="As a user I want to be able to increase the counter value" time="0.003"/>
  <system-out><![CDATA[Feature: As a user I want to be able to increase the counter value

  Scenario: Increment once       ?[90m# src/test/resources/ohtu/increasingCounter.feature:3?[0m
    ?[32mGiven ?[0m?[32mCounter is initialized?[0m ?[90m# Stepdefs.counterIsInitialized()?[0m
    ?[32mWhen ?[0m?[32mit is incremented?[0m       ?[90m# Stepdefs.itIsIncremented()?[0m
    ?[32mThen ?[0m?[32mthe value should be ?[0m?[32m?[1m1?[0m   ?[90m# Stepdefs.theValueShouldBe(Integer)?[0m

  Scenario: Increment by many    ?[90m# src/test/resources/ohtu/increasingCounter.feature:8?[0m
    ?[32mGiven ?[0m?[32mCounter is initialized?[0m ?[90m# Stepdefs.counterIsInitialized()?[0m
    ?[32mWhen ?[0m?[32mit is incremented by ?[0m?[32m?[1m5?[0m  ?[90m# Stepdefs.itIsIncrementedBy(Integer)?[0m
    ?[32mThen ?[0m?[32mthe value should be ?[0m?[32m?[1m5?[0m   ?[90m# Stepdefs.theValueShouldBe(Integer)?[0m

  Scenario: Increment many times ?[90m# src/test/resources/ohtu/increasingCounter.feature:13?[0m
    ?[32mGiven ?[0m?[32mCounter is initialized?[0m ?[90m# Stepdefs.counterIsInitialized()?[0m
    ?[32mWhen ?[0m?[32mit is incremented?[0m       ?[90m# Stepdefs.itIsIncremented()?[0m
    ?[32mAnd ?[0m?[32mit is incremented?[0m        ?[90m# Stepdefs.itIsIncremented()?[0m
    ?[32mAnd ?[0m?[32mit is incremented?[0m        ?[90m# Stepdefs.itIsIncremented()?[0m
    ?[32mThen ?[0m?[32mthe value should be ?[0m?[32m?[1m3?[0m   ?[90m# Stepdefs.theValueShouldBe(Integer)?[0m
]]></system-out>
  <system-err><![CDATA[]]></system-err>
</testsuite>
